
/home/runner/work/exp-aes-iiith/exp-aes-iiith/experiment/simulation/js/aes-dec.js
  566:10  warning  'prepare_decryption' is defined but never used  no-unused-vars
  569:21  warning  'maxrk' is not defined                          no-undef
  571:17  warning  'keyExpansion' is not defined                   no-undef
  575:14  warning  'maxrk' is not defined                          no-undef
  587:33  warning  'B0' is not defined                             no-undef
  587:45  warning  'B1' is not defined                             no-undef
  587:57  warning  'B2' is not defined                             no-undef
  587:69  warning  'B3' is not defined                             no-undef
  588:33  warning  'B0' is not defined                             no-undef
  588:45  warning  'B1' is not defined                             no-undef
  588:57  warning  'B2' is not defined                             no-undef
  588:69  warning  'B3' is not defined                             no-undef
  589:33  warning  'B0' is not defined                             no-undef
  589:45  warning  'B1' is not defined                             no-undef
  589:57  warning  'B2' is not defined                             no-undef
  589:69  warning  'B3' is not defined                             no-undef
  590:33  warning  'B0' is not defined                             no-undef
  590:45  warning  'B1' is not defined                             no-undef
  590:57  warning  'B2' is not defined                             no-undef
  590:69  warning  'B3' is not defined                             no-undef
  597:10  warning  'AESdecrypt' is defined but never used          no-unused-vars
  603:11  warning  'packBytes' is not defined                      no-undef
  612:15  warning  'B0' is not defined                             no-undef
  612:28  warning  'B1' is not defined                             no-undef
  612:41  warning  'B2' is not defined                             no-undef
  612:54  warning  'B3' is not defined                             no-undef
  613:15  warning  'B0' is not defined                             no-undef
  613:28  warning  'B1' is not defined                             no-undef
  613:41  warning  'B2' is not defined                             no-undef
  613:54  warning  'B3' is not defined                             no-undef
  614:15  warning  'B0' is not defined                             no-undef
  614:28  warning  'B1' is not defined                             no-undef
  614:41  warning  'B2' is not defined                             no-undef
  614:54  warning  'B3' is not defined                             no-undef
  615:15  warning  'B0' is not defined                             no-undef
  615:28  warning  'B1' is not defined                             no-undef
  615:41  warning  'B2' is not defined                             no-undef
  615:54  warning  'B3' is not defined                             no-undef
  624:13  warning  'B0' is not defined                             no-undef
  624:27  warning  'B1' is not defined                             no-undef
  624:45  warning  'B2' is not defined                             no-undef
  624:64  warning  'B3' is not defined                             no-undef
  625:13  warning  'B0' is not defined                             no-undef
  625:27  warning  'B1' is not defined                             no-undef
  625:45  warning  'B2' is not defined                             no-undef
  625:64  warning  'B3' is not defined                             no-undef
  626:13  warning  'B0' is not defined                             no-undef
  626:27  warning  'B1' is not defined                             no-undef
  626:45  warning  'B2' is not defined                             no-undef
  626:64  warning  'B3' is not defined                             no-undef
  627:13  warning  'B0' is not defined                             no-undef
  627:27  warning  'B1' is not defined                             no-undef
  627:45  warning  'B2' is not defined                             no-undef
  627:64  warning  'B3' is not defined                             no-undef
  634:10  warning  'unpackBytes' is not defined                    no-undef

/home/runner/work/exp-aes-iiith/exp-aes-iiith/experiment/simulation/js/aes-enc.js
  352:10  warning  'keyExpansion' is defined but never used  no-unused-vars
  445:10  warning  'AESencrypt' is defined but never used    no-unused-vars

/home/runner/work/exp-aes-iiith/exp-aes-iiith/experiment/simulation/js/aes-test.js
   62:10  warning  'byteArrayToHex' is defined but never used   no-unused-vars
   72:10  warning  'hex2s' is defined but never used            no-unused-vars
   92:13  warning  'blockSizeInBits' is not defined             no-undef
  135:10  warning  'rijndaelEncrypt' is defined but never used  no-unused-vars
  137:13  warning  'blockSizeInBits' is not defined             no-undef
  142:23  warning  'keySizeInBits' is not defined               no-undef
  154:25  warning  'keyExpansion' is not defined                no-undef
  159:16  warning  'i' is already defined                       no-redeclare
  161:20  warning  'AESencrypt' is not defined                  no-undef
  178:10  warning  'rijndaelDecrypt' is defined but never used  no-unused-vars
  179:13  warning  'blockSizeInBits' is not defined             no-undef
  192:22  warning  'keySizeInBits' is not defined               no-undef
  197:25  warning  'prepare_decryption' is not defined          no-undef
  202:6   warning  'AESdecrypt' is not defined                  no-undef
  212:10  warning  'AESdecrypt' is not defined                  no-undef

/home/runner/work/exp-aes-iiith/exp-aes-iiith/experiment/simulation/js/aes.js
   16:10  warning  'doEncryption' is defined but never used   no-unused-vars
   19:3   warning  'blockSizeInBits' is not defined           no-undef
   20:3   warning  'keySizeInBits' is not defined             no-undef
   30:39  warning  'keySizeInBits' is not defined             no-undef
   33:9   warning  'keySizeInBits' is not defined             no-undef
   35:9   warning  'keySizeInBits' is not defined             no-undef
   43:45  warning  'blockSizeInBits' is not defined           no-undef
   46:9   warning  'blockSizeInBits' is not defined           no-undef
   48:9   warning  'blockSizeInBits' is not defined           no-undef
   55:8   warning  'hex2s' is not defined                     no-undef
   56:9   warning  'hex2s' is not defined                     no-undef
   57:30  warning  'byteArrayToHex' is not defined            no-undef
   57:45  warning  'rijndaelEncrypt' is not defined           no-undef
   64:10  warning  'doDecryption' is defined but never used   no-unused-vars
   67:3   warning  'blockSizeInBits' is not defined           no-undef
   68:3   warning  'keySizeInBits' is not defined             no-undef
   75:39  warning  'keySizeInBits' is not defined             no-undef
   78:9   warning  'keySizeInBits' is not defined             no-undef
   80:9   warning  'keySizeInBits' is not defined             no-undef
   87:46  warning  'blockSizeInBits' is not defined           no-undef
   90:9   warning  'blockSizeInBits' is not defined           no-undef
   92:9   warning  'blockSizeInBits' is not defined           no-undef
   99:8   warning  'hex2s' is not defined                     no-undef
  100:9   warning  'hex2s' is not defined                     no-undef
  101:29  warning  'byteArrayToHex' is not defined            no-undef
  101:44  warning  'rijndaelDecrypt' is not defined           no-undef
  110:10  warning  'selectMode' is defined but never used     no-unused-vars
  141:10  warning  'nextPlainText' is defined but never used  no-unused-vars
  153:10  warning  'nextKey' is defined but never used        no-unused-vars
  161:10  warning  'nextIV' is defined but never used         no-unused-vars
  166:10  warning  'nextCTR' is defined but never used        no-unused-vars
  189:14  warning  'i' is already defined                     no-redeclare
  208:7   warning  'carry0ver' is not defined                 no-undef
  218:8   warning  'i' is not defined                         no-undef
  218:31  warning  'i' is not defined                         no-undef
  218:39  warning  'i' is not defined                         no-undef
  219:32  warning  'i' is not defined                         no-undef
  224:10  warning  'displayXOR' is defined but never used     no-unused-vars
  231:10  warning  'checkAnswer' is defined but never used    no-unused-vars
  242:13  warning  'hex2s' is not defined                     no-undef
  245:10  warning  'i' is not defined                         no-undef
  245:17  warning  'i' is not defined                         no-undef
  245:39  warning  'i' is not defined                         no-undef
  246:31  warning  'i' is not defined                         no-undef
  247:17  warning  'byteArrayToHex' is not defined            no-undef
  247:32  warning  'rijndaelEncrypt' is not defined           no-undef
  247:48  warning  'hex2s' is not defined                     no-undef
  257:10  warning  'i' is not defined                         no-undef
  257:17  warning  'i' is not defined                         no-undef
  257:39  warning  'i' is not defined                         no-undef
  258:11  warning  'pt' is already defined                    no-redeclare
  258:31  warning  'i' is not defined                         no-undef
  260:12  warning  'byteArrayToHex' is not defined            no-undef
  260:27  warning  'rijndaelEncrypt' is not defined           no-undef
  260:43  warning  'hex2s' is not defined                     no-undef
  270:10  warning  'i' is not defined                         no-undef
  270:17  warning  'i' is not defined                         no-undef
  270:39  warning  'i' is not defined                         no-undef
  271:11  warning  'pt' is already defined                    no-redeclare
  271:31  warning  'i' is not defined                         no-undef
  272:12  warning  'byteArrayToHex' is not defined            no-undef
  272:27  warning  'rijndaelEncrypt' is not defined           no-undef
  272:43  warning  'hex2s' is not defined                     no-undef
  282:10  warning  'i' is not defined                         no-undef
  282:17  warning  'i' is not defined                         no-undef
  282:39  warning  'i' is not defined                         no-undef
  283:11  warning  'pt' is already defined                    no-redeclare
  283:31  warning  'i' is not defined                         no-undef
  284:11  warning  'ctr' is already defined                   no-redeclare
  285:11  warning  'ri' is already defined                    no-redeclare
  285:16  warning  'byteArrayToHex' is not defined            no-undef
  285:31  warning  'rijndaelEncrypt' is not defined           no-undef
  285:47  warning  'hex2s' is not defined                     no-undef

✖ 145 problems (0 errors, 145 warnings)

